{"C:\\Projects\\Learning\\edabit\\src\\expert\\validName.js": {"path":"C:\\Projects\\Learning\\edabit\\src\\expert\\validName.js","all":false,"statementMap":{"0":{"start":{"line":1,"column":0},"end":{"line":1,"column":2}},"1":{"start":{"line":2,"column":0},"end":{"line":2,"column":18}},"2":{"start":{"line":3,"column":0},"end":{"line":3,"column":3}},"3":{"start":{"line":4,"column":0},"end":{"line":4,"column":26}},"4":{"start":{"line":5,"column":0},"end":{"line":5,"column":39}},"5":{"start":{"line":6,"column":0},"end":{"line":6,"column":46}},"6":{"start":{"line":7,"column":0},"end":{"line":7,"column":0}},"7":{"start":{"line":8,"column":0},"end":{"line":8,"column":29}},"8":{"start":{"line":9,"column":0},"end":{"line":9,"column":69}},"9":{"start":{"line":10,"column":0},"end":{"line":10,"column":18}},"10":{"start":{"line":11,"column":0},"end":{"line":11,"column":15}},"11":{"start":{"line":12,"column":0},"end":{"line":12,"column":31}},"12":{"start":{"line":13,"column":0},"end":{"line":13,"column":64}},"13":{"start":{"line":14,"column":0},"end":{"line":14,"column":58}},"14":{"start":{"line":15,"column":0},"end":{"line":15,"column":7}},"15":{"start":{"line":16,"column":0},"end":{"line":16,"column":19}},"16":{"start":{"line":17,"column":0},"end":{"line":17,"column":5}},"17":{"start":{"line":18,"column":0},"end":{"line":18,"column":3}},"18":{"start":{"line":19,"column":0},"end":{"line":19,"column":0}},"19":{"start":{"line":20,"column":0},"end":{"line":20,"column":40}},"20":{"start":{"line":21,"column":0},"end":{"line":21,"column":17}},"21":{"start":{"line":22,"column":0},"end":{"line":22,"column":3}},"22":{"start":{"line":23,"column":0},"end":{"line":23,"column":0}},"23":{"start":{"line":24,"column":0},"end":{"line":24,"column":6}},"24":{"start":{"line":25,"column":0},"end":{"line":25,"column":30}},"25":{"start":{"line":26,"column":0},"end":{"line":26,"column":53}},"26":{"start":{"line":27,"column":0},"end":{"line":27,"column":5}},"27":{"start":{"line":28,"column":0},"end":{"line":28,"column":17}},"28":{"start":{"line":29,"column":0},"end":{"line":29,"column":3}},"29":{"start":{"line":30,"column":0},"end":{"line":30,"column":0}},"30":{"start":{"line":31,"column":0},"end":{"line":31,"column":6}},"31":{"start":{"line":32,"column":0},"end":{"line":32,"column":28}},"32":{"start":{"line":33,"column":0},"end":{"line":33,"column":57}},"33":{"start":{"line":34,"column":0},"end":{"line":34,"column":5}},"34":{"start":{"line":35,"column":0},"end":{"line":35,"column":17}},"35":{"start":{"line":36,"column":0},"end":{"line":36,"column":3}},"36":{"start":{"line":37,"column":0},"end":{"line":37,"column":0}},"37":{"start":{"line":38,"column":0},"end":{"line":38,"column":10}},"38":{"start":{"line":39,"column":0},"end":{"line":39,"column":40}},"39":{"start":{"line":40,"column":0},"end":{"line":40,"column":49}},"40":{"start":{"line":41,"column":0},"end":{"line":41,"column":54}},"41":{"start":{"line":42,"column":0},"end":{"line":42,"column":4}},"42":{"start":{"line":43,"column":0},"end":{"line":43,"column":1}},"43":{"start":{"line":44,"column":0},"end":{"line":44,"column":0}},"44":{"start":{"line":45,"column":0},"end":{"line":45,"column":27}}},"s":{"0":1,"1":1,"2":1,"3":1,"4":1,"5":1,"6":1,"7":1,"8":1,"9":0,"10":1,"11":1,"12":1,"13":1,"14":1,"15":0,"16":0,"17":1,"18":1,"19":1,"20":0,"21":0,"22":1,"23":1,"24":1,"25":1,"26":1,"27":0,"28":0,"29":1,"30":1,"31":1,"32":1,"33":1,"34":0,"35":0,"36":1,"37":1,"38":1,"39":1,"40":1,"41":1,"42":1,"43":1,"44":1},"branchMap":{"0":{"type":"branch","line":4,"loc":{"start":{"line":4,"column":0},"end":{"line":43,"column":1}},"locations":[{"start":{"line":4,"column":0},"end":{"line":43,"column":1}}]},"1":{"type":"branch","line":9,"loc":{"start":{"line":9,"column":68},"end":{"line":11,"column":5}},"locations":[{"start":{"line":9,"column":68},"end":{"line":11,"column":5}}]},"2":{"type":"branch","line":15,"loc":{"start":{"line":15,"column":6},"end":{"line":17,"column":5}},"locations":[{"start":{"line":15,"column":6},"end":{"line":17,"column":5}}]},"3":{"type":"branch","line":20,"loc":{"start":{"line":20,"column":15},"end":{"line":20,"column":37}},"locations":[{"start":{"line":20,"column":15},"end":{"line":20,"column":37}}]},"4":{"type":"branch","line":20,"loc":{"start":{"line":20,"column":39},"end":{"line":22,"column":3}},"locations":[{"start":{"line":20,"column":39},"end":{"line":22,"column":3}}]},"5":{"type":"branch","line":27,"loc":{"start":{"line":27,"column":4},"end":{"line":29,"column":3}},"locations":[{"start":{"line":27,"column":4},"end":{"line":29,"column":3}}]},"6":{"type":"branch","line":34,"loc":{"start":{"line":34,"column":4},"end":{"line":36,"column":3}},"locations":[{"start":{"line":34,"column":4},"end":{"line":36,"column":3}}]},"7":{"type":"branch","line":13,"loc":{"start":{"line":13,"column":27},"end":{"line":13,"column":59}},"locations":[{"start":{"line":13,"column":27},"end":{"line":13,"column":59}}]},"8":{"type":"branch","line":26,"loc":{"start":{"line":26,"column":26},"end":{"line":26,"column":52}},"locations":[{"start":{"line":26,"column":26},"end":{"line":26,"column":52}}]},"9":{"type":"branch","line":33,"loc":{"start":{"line":33,"column":25},"end":{"line":33,"column":52}},"locations":[{"start":{"line":33,"column":25},"end":{"line":33,"column":52}}]},"10":{"type":"branch","line":40,"loc":{"start":{"line":40,"column":21},"end":{"line":40,"column":45}},"locations":[{"start":{"line":40,"column":21},"end":{"line":40,"column":45}}]},"11":{"type":"branch","line":41,"loc":{"start":{"line":41,"column":21},"end":{"line":41,"column":53}},"locations":[{"start":{"line":41,"column":21},"end":{"line":41,"column":53}}]}},"b":{"0":[1],"1":[0],"2":[0],"3":[0],"4":[0],"5":[0],"6":[0],"7":[1],"8":[1],"9":[1],"10":[3],"11":[3]},"fnMap":{"0":{"name":"validName","decl":{"start":{"line":4,"column":0},"end":{"line":43,"column":1}},"loc":{"start":{"line":4,"column":0},"end":{"line":43,"column":1}},"line":4}},"f":{"0":1}}
}
