{"/Users/frankhague/sites/edabit/src/medium/missingNum.js": {"path":"/Users/frankhague/sites/edabit/src/medium/missingNum.js","all":false,"statementMap":{"0":{"start":{"line":1,"column":0},"end":{"line":1,"column":26}},"1":{"start":{"line":2,"column":0},"end":{"line":2,"column":45}},"2":{"start":{"line":3,"column":0},"end":{"line":3,"column":1}},"3":{"start":{"line":4,"column":0},"end":{"line":4,"column":0}},"4":{"start":{"line":5,"column":0},"end":{"line":5,"column":28}}},"s":{"0":10,"1":10,"2":10,"3":1,"4":1},"branchMap":{"0":{"type":"branch","line":1,"loc":{"start":{"line":1,"column":0},"end":{"line":3,"column":1}},"locations":[{"start":{"line":1,"column":0},"end":{"line":3,"column":1}}]},"1":{"type":"branch","line":2,"loc":{"start":{"line":2,"column":25},"end":{"line":2,"column":42}},"locations":[{"start":{"line":2,"column":25},"end":{"line":2,"column":42}}]}},"b":{"0":[10],"1":[90]},"fnMap":{"0":{"name":"missingNum","decl":{"start":{"line":1,"column":0},"end":{"line":3,"column":1}},"loc":{"start":{"line":1,"column":0},"end":{"line":3,"column":1}},"line":1},"1":{"name":"arr.reduce","decl":{"start":{"line":2,"column":25},"end":{"line":2,"column":42}},"loc":{"start":{"line":2,"column":25},"end":{"line":2,"column":42}},"line":2}},"f":{"0":10,"1":90}}
}
