TN:
SF:src/medium/missingNum.js
FN:1,missingNum
FN:2,arr.reduce
FNF:2
FNH:2
FNDA:5,missingNum
FNDA:45,arr.reduce
DA:1,5
DA:2,5
DA:3,5
DA:4,1
DA:5,1
LF:5
LH:5
BRDA:1,0,0,5
BRDA:2,1,0,45
BRF:2
BRH:2
end_of_record
TN:
SF:src/medium/possibleBonus.js
FN:2,possibleBonus
FNF:1
FNH:1
FNDA:12,possibleBonus
DA:1,1
DA:2,1
DA:3,1
DA:4,1
LF:4
LH:4
BRDA:2,0,0,12
BRDA:2,1,0,9
BRDA:2,2,0,4
BRDA:2,3,0,8
BRF:4
BRH:4
end_of_record
TN:
SF:src/medium/removeDups.js
FN:2,removeDups
FNF:1
FNH:1
FNDA:6,removeDups
DA:1,1
DA:2,1
DA:3,1
DA:4,1
LF:4
LH:4
BRDA:2,0,0,6
BRF:1
BRH:1
end_of_record
