TN:
SF:src\expert\validName.js
FN:4,validName
FNF:1
FNH:1
FNDA:1,validName
DA:1,1
DA:2,1
DA:3,1
DA:4,1
DA:5,1
DA:6,1
DA:7,1
DA:8,1
DA:9,1
DA:10,0
DA:11,1
DA:12,1
DA:13,1
DA:14,1
DA:15,1
DA:16,0
DA:17,0
DA:18,1
DA:19,1
DA:20,1
DA:21,0
DA:22,0
DA:23,1
DA:24,1
DA:25,1
DA:26,1
DA:27,1
DA:28,0
DA:29,0
DA:30,1
DA:31,1
DA:32,1
DA:33,1
DA:34,1
DA:35,0
DA:36,0
DA:37,1
DA:38,1
DA:39,1
DA:40,1
DA:41,1
DA:42,1
DA:43,1
DA:44,1
DA:45,1
LF:45
LH:36
BRDA:4,0,0,1
BRDA:9,1,0,0
BRDA:15,2,0,0
BRDA:20,3,0,0
BRDA:20,4,0,0
BRDA:27,5,0,0
BRDA:34,6,0,0
BRDA:13,7,0,1
BRDA:26,8,0,1
BRDA:33,9,0,1
BRDA:40,10,0,3
BRDA:41,11,0,3
BRF:12
BRH:6
end_of_record
